[1126/162841.206:ERROR:cache_util_win.cc(20)] Unable to move the cache: Access is denied. (0x5)
[1126/162841.207:ERROR:cache_util_win.cc(20)] Unable to move the cache: Access is denied. (0x5)
[1126/162841.208:ERROR:disk_cache.cc(205)] Unable to create cache
[1126/162841.208:ERROR:gpu_disk_cache.cc(673)] Gpu Cache Creation failed: -2
[1126/162841.208:ERROR:disk_cache.cc(205)] Unable to create cache
[1126/162841.208:ERROR:gpu_disk_cache.cc(673)] Gpu Cache Creation failed: -2
[1126/162841.579:INFO:CONSOLE(113)] "Event handler of 'x-storagemutated-1' event must be added on the initial evaluation of worker script.", source: https://static.whatsapp.net/rsrc.php/v4/yf/r/w0IU-sVjzp4.js (113)
[1126/162841.690:INFO:CONSOLE(0)] "Error with Permissions-Policy header: Feature xr-spatial-tracking's parameters are ignored.", source:  (0)
[1126/162841.690:INFO:CONSOLE(0)] "Error with Permissions-Policy header: Origin trial controlled feature not enabled: 'attribution-reporting'.", source:  (0)
[1126/162841.690:INFO:CONSOLE(0)] "Error with Permissions-Policy header: Unrecognized feature: 'compute-pressure'.", source:  (0)
[1126/162841.690:INFO:CONSOLE(0)] "Error with Permissions-Policy header: Origin trial controlled feature not enabled: 'interest-cohort'.", source:  (0)
[1126/162841.690:INFO:CONSOLE(0)] "Error with Permissions-Policy header: Unrecognized feature: 'private-state-token-issuance'.", source:  (0)
[1126/162841.691:INFO:CONSOLE(0)] "Error with Permissions-Policy header: Origin trial controlled feature not enabled: 'shared-storage'.", source:  (0)
[1126/162841.691:INFO:CONSOLE(0)] "Error with Permissions-Policy header: Unrecognized feature: 'shared-storage-select-url'.", source:  (0)
[1126/162841.691:INFO:CONSOLE(0)] "Error with Permissions-Policy header: Unrecognized feature: 'private-state-token-redemption'.", source:  (0)
[1126/162841.691:INFO:CONSOLE(0)] "Error with Permissions-Policy header: Unrecognized feature: 'unload'.", source:  (0)
[1126/162841.691:INFO:CONSOLE(0)] "Error with Permissions-Policy header: Unrecognized feature: 'window-management'.", source:  (0)
[1126/162841.691:INFO:CONSOLE(0)] "Document-Policy HTTP header: Unrecognized document policy feature name include-js-call-stacks-in-crash-reports.", source: https://web.whatsapp.com/ (0)
[1126/162843.229:ERROR:cache_util_win.cc(20)] Unable to move the cache: Access is denied. (0x5)
[1126/162843.230:ERROR:disk_cache.cc(205)] Unable to create cache
[1126/162843.620:INFO:CONSOLE(0)] "Error with Permissions-Policy header: Feature xr-spatial-tracking's parameters are ignored.", source:  (0)
[1126/162843.620:INFO:CONSOLE(0)] "Error with Permissions-Policy header: Origin trial controlled feature not enabled: 'attribution-reporting'.", source:  (0)
[1126/162843.620:INFO:CONSOLE(0)] "Error with Permissions-Policy header: Unrecognized feature: 'compute-pressure'.", source:  (0)
[1126/162843.621:INFO:CONSOLE(0)] "Error with Permissions-Policy header: Origin trial controlled feature not enabled: 'interest-cohort'.", source:  (0)
[1126/162843.621:INFO:CONSOLE(0)] "Error with Permissions-Policy header: Unrecognized feature: 'private-state-token-issuance'.", source:  (0)
[1126/162843.621:INFO:CONSOLE(0)] "Error with Permissions-Policy header: Origin trial controlled feature not enabled: 'shared-storage'.", source:  (0)
[1126/162843.621:INFO:CONSOLE(0)] "Error with Permissions-Policy header: Unrecognized feature: 'shared-storage-select-url'.", source:  (0)
[1126/162843.621:INFO:CONSOLE(0)] "Error with Permissions-Policy header: Unrecognized feature: 'private-state-token-redemption'.", source:  (0)
[1126/162843.621:INFO:CONSOLE(0)] "Error with Permissions-Policy header: Unrecognized feature: 'unload'.", source:  (0)
[1126/162843.621:INFO:CONSOLE(0)] "Error with Permissions-Policy header: Unrecognized feature: 'window-management'.", source:  (0)
[1126/162843.622:INFO:CONSOLE(0)] "Document-Policy HTTP header: Unrecognized document policy feature name include-js-call-stacks-in-crash-reports.", source: https://web.whatsapp.com/ (0)
[1126/162844.234:ERROR:service_worker_storage.cc(1933)] Failed to delete the database: Database IO error
[1126/162852.219:ERROR:leveldb_factory.cc(88)] Failed to open LevelDB database from E:\coding\whatsapp bot\backend\session-freepik-bot\Default\IndexedDB\https_web.whatsapp.com_0.indexeddb.leveldb,IO error: E:\coding\whatsapp bot\backend\session-freepik-bot\Default\IndexedDB\https_web.whatsapp.com_0.indexeddb.leveldb/LOCK: File currently in use. (ChromeMethodBFE: 15::LockFile::2)
[1126/162854.229:ERROR:leveldb_factory.cc(88)] Failed to open LevelDB database from E:\coding\whatsapp bot\backend\session-freepik-bot\Default\IndexedDB\https_web.whatsapp.com_0.indexeddb.leveldb,IO error: E:\coding\whatsapp bot\backend\session-freepik-bot\Default\IndexedDB\https_web.whatsapp.com_0.indexeddb.leveldb/LOCK: File currently in use. (ChromeMethodBFE: 15::LockFile::2)
[1126/162856.244:ERROR:leveldb_factory.cc(88)] Failed to open LevelDB database from E:\coding\whatsapp bot\backend\session-freepik-bot\Default\IndexedDB\https_web.whatsapp.com_0.indexeddb.leveldb,IO error: E:\coding\whatsapp bot\backend\session-freepik-bot\Default\IndexedDB\https_web.whatsapp.com_0.indexeddb.leveldb/LOCK: File currently in use. (ChromeMethodBFE: 15::LockFile::2)
[1126/162858.257:ERROR:leveldb_factory.cc(88)] Failed to open LevelDB database from E:\coding\whatsapp bot\backend\session-freepik-bot\Default\IndexedDB\https_web.whatsapp.com_0.indexeddb.leveldb,IO error: E:\coding\whatsapp bot\backend\session-freepik-bot\Default\IndexedDB\https_web.whatsapp.com_0.indexeddb.leveldb/LOCK: File currently in use. (ChromeMethodBFE: 15::LockFile::2)
[1126/162900.273:ERROR:leveldb_factory.cc(88)] Failed to open LevelDB database from E:\coding\whatsapp bot\backend\session-freepik-bot\Default\IndexedDB\https_web.whatsapp.com_0.indexeddb.leveldb,IO error: E:\coding\whatsapp bot\backend\session-freepik-bot\Default\IndexedDB\https_web.whatsapp.com_0.indexeddb.leveldb/LOCK: File currently in use. (ChromeMethodBFE: 15::LockFile::2)
[1126/162902.282:ERROR:leveldb_factory.cc(88)] Failed to open LevelDB database from E:\coding\whatsapp bot\backend\session-freepik-bot\Default\IndexedDB\https_web.whatsapp.com_0.indexeddb.leveldb,IO error: E:\coding\whatsapp bot\backend\session-freepik-bot\Default\IndexedDB\https_web.whatsapp.com_0.indexeddb.leveldb/LOCK: File currently in use. (ChromeMethodBFE: 15::LockFile::2)
[1126/162904.294:ERROR:leveldb_factory.cc(88)] Failed to open LevelDB database from E:\coding\whatsapp bot\backend\session-freepik-bot\Default\IndexedDB\https_web.whatsapp.com_0.indexeddb.leveldb,IO error: E:\coding\whatsapp bot\backend\session-freepik-bot\Default\IndexedDB\https_web.whatsapp.com_0.indexeddb.leveldb/LOCK: File currently in use. (ChromeMethodBFE: 15::LockFile::2)
[1126/162906.310:ERROR:leveldb_factory.cc(88)] Failed to open LevelDB database from E:\coding\whatsapp bot\backend\session-freepik-bot\Default\IndexedDB\https_web.whatsapp.com_0.indexeddb.leveldb,IO error: E:\coding\whatsapp bot\backend\session-freepik-bot\Default\IndexedDB\https_web.whatsapp.com_0.indexeddb.leveldb/LOCK: File currently in use. (ChromeMethodBFE: 15::LockFile::2)
[1126/162908.331:ERROR:leveldb_factory.cc(88)] Failed to open LevelDB database from E:\coding\whatsapp bot\backend\session-freepik-bot\Default\IndexedDB\https_web.whatsapp.com_0.indexeddb.leveldb,IO error: E:\coding\whatsapp bot\backend\session-freepik-bot\Default\IndexedDB\https_web.whatsapp.com_0.indexeddb.leveldb/LOCK: File currently in use. (ChromeMethodBFE: 15::LockFile::2)
[1126/162910.339:ERROR:leveldb_factory.cc(88)] Failed to open LevelDB database from E:\coding\whatsapp bot\backend\session-freepik-bot\Default\IndexedDB\https_web.whatsapp.com_0.indexeddb.leveldb,IO error: E:\coding\whatsapp bot\backend\session-freepik-bot\Default\IndexedDB\https_web.whatsapp.com_0.indexeddb.leveldb/LOCK: File currently in use. (ChromeMethodBFE: 15::LockFile::2)
[1126/162912.354:ERROR:leveldb_factory.cc(88)] Failed to open LevelDB database from E:\coding\whatsapp bot\backend\session-freepik-bot\Default\IndexedDB\https_web.whatsapp.com_0.indexeddb.leveldb,IO error: E:\coding\whatsapp bot\backend\session-freepik-bot\Default\IndexedDB\https_web.whatsapp.com_0.indexeddb.leveldb/LOCK: File currently in use. (ChromeMethodBFE: 15::LockFile::2)
[1126/162914.365:ERROR:leveldb_factory.cc(88)] Failed to open LevelDB database from E:\coding\whatsapp bot\backend\session-freepik-bot\Default\IndexedDB\https_web.whatsapp.com_0.indexeddb.leveldb,IO error: E:\coding\whatsapp bot\backend\session-freepik-bot\Default\IndexedDB\https_web.whatsapp.com_0.indexeddb.leveldb/LOCK: File currently in use. (ChromeMethodBFE: 15::LockFile::2)
[1126/162916.376:ERROR:leveldb_factory.cc(88)] Failed to open LevelDB database from E:\coding\whatsapp bot\backend\session-freepik-bot\Default\IndexedDB\https_web.whatsapp.com_0.indexeddb.leveldb,IO error: E:\coding\whatsapp bot\backend\session-freepik-bot\Default\IndexedDB\https_web.whatsapp.com_0.indexeddb.leveldb/LOCK: File currently in use. (ChromeMethodBFE: 15::LockFile::2)
[1126/162918.383:ERROR:leveldb_factory.cc(88)] Failed to open LevelDB database from E:\coding\whatsapp bot\backend\session-freepik-bot\Default\IndexedDB\https_web.whatsapp.com_0.indexeddb.leveldb,IO error: E:\coding\whatsapp bot\backend\session-freepik-bot\Default\IndexedDB\https_web.whatsapp.com_0.indexeddb.leveldb/LOCK: File currently in use. (ChromeMethodBFE: 15::LockFile::2)
[1126/162920.404:ERROR:leveldb_factory.cc(88)] Failed to open LevelDB database from E:\coding\whatsapp bot\backend\session-freepik-bot\Default\IndexedDB\https_web.whatsapp.com_0.indexeddb.leveldb,IO error: E:\coding\whatsapp bot\backend\session-freepik-bot\Default\IndexedDB\https_web.whatsapp.com_0.indexeddb.leveldb/LOCK: File currently in use. (ChromeMethodBFE: 15::LockFile::2)
[1126/162922.411:ERROR:leveldb_factory.cc(88)] Failed to open LevelDB database from E:\coding\whatsapp bot\backend\session-freepik-bot\Default\IndexedDB\https_web.whatsapp.com_0.indexeddb.leveldb,IO error: E:\coding\whatsapp bot\backend\session-freepik-bot\Default\IndexedDB\https_web.whatsapp.com_0.indexeddb.leveldb/LOCK: File currently in use. (ChromeMethodBFE: 15::LockFile::2)
[1126/162924.429:ERROR:leveldb_factory.cc(88)] Failed to open LevelDB database from E:\coding\whatsapp bot\backend\session-freepik-bot\Default\IndexedDB\https_web.whatsapp.com_0.indexeddb.leveldb,IO error: E:\coding\whatsapp bot\backend\session-freepik-bot\Default\IndexedDB\https_web.whatsapp.com_0.indexeddb.leveldb/LOCK: File currently in use. (ChromeMethodBFE: 15::LockFile::2)
[1126/162926.442:ERROR:leveldb_factory.cc(88)] Failed to open LevelDB database from E:\coding\whatsapp bot\backend\session-freepik-bot\Default\IndexedDB\https_web.whatsapp.com_0.indexeddb.leveldb,IO error: E:\coding\whatsapp bot\backend\session-freepik-bot\Default\IndexedDB\https_web.whatsapp.com_0.indexeddb.leveldb/LOCK: File currently in use. (ChromeMethodBFE: 15::LockFile::2)
[1126/162928.453:ERROR:leveldb_factory.cc(88)] Failed to open LevelDB database from E:\coding\whatsapp bot\backend\session-freepik-bot\Default\IndexedDB\https_web.whatsapp.com_0.indexeddb.leveldb,IO error: E:\coding\whatsapp bot\backend\session-freepik-bot\Default\IndexedDB\https_web.whatsapp.com_0.indexeddb.leveldb/LOCK: File currently in use. (ChromeMethodBFE: 15::LockFile::2)
[1126/162930.465:ERROR:leveldb_factory.cc(88)] Failed to open LevelDB database from E:\coding\whatsapp bot\backend\session-freepik-bot\Default\IndexedDB\https_web.whatsapp.com_0.indexeddb.leveldb,IO error: E:\coding\whatsapp bot\backend\session-freepik-bot\Default\IndexedDB\https_web.whatsapp.com_0.indexeddb.leveldb/LOCK: File currently in use. (ChromeMethodBFE: 15::LockFile::2)
[1126/162932.473:ERROR:leveldb_factory.cc(88)] Failed to open LevelDB database from E:\coding\whatsapp bot\backend\session-freepik-bot\Default\IndexedDB\https_web.whatsapp.com_0.indexeddb.leveldb,IO error: E:\coding\whatsapp bot\backend\session-freepik-bot\Default\IndexedDB\https_web.whatsapp.com_0.indexeddb.leveldb/LOCK: File currently in use. (ChromeMethodBFE: 15::LockFile::2)
[1126/162934.485:ERROR:leveldb_factory.cc(88)] Failed to open LevelDB database from E:\coding\whatsapp bot\backend\session-freepik-bot\Default\IndexedDB\https_web.whatsapp.com_0.indexeddb.leveldb,IO error: E:\coding\whatsapp bot\backend\session-freepik-bot\Default\IndexedDB\https_web.whatsapp.com_0.indexeddb.leveldb/LOCK: File currently in use. (ChromeMethodBFE: 15::LockFile::2)
[1126/162936.504:ERROR:leveldb_factory.cc(88)] Failed to open LevelDB database from E:\coding\whatsapp bot\backend\session-freepik-bot\Default\IndexedDB\https_web.whatsapp.com_0.indexeddb.leveldb,IO error: E:\coding\whatsapp bot\backend\session-freepik-bot\Default\IndexedDB\https_web.whatsapp.com_0.indexeddb.leveldb/LOCK: File currently in use. (ChromeMethodBFE: 15::LockFile::2)
[1126/162938.512:ERROR:leveldb_factory.cc(88)] Failed to open LevelDB database from E:\coding\whatsapp bot\backend\session-freepik-bot\Default\IndexedDB\https_web.whatsapp.com_0.indexeddb.leveldb,IO error: E:\coding\whatsapp bot\backend\session-freepik-bot\Default\IndexedDB\https_web.whatsapp.com_0.indexeddb.leveldb/LOCK: File currently in use. (ChromeMethodBFE: 15::LockFile::2)
[1126/162940.527:ERROR:leveldb_factory.cc(88)] Failed to open LevelDB database from E:\coding\whatsapp bot\backend\session-freepik-bot\Default\IndexedDB\https_web.whatsapp.com_0.indexeddb.leveldb,IO error: E:\coding\whatsapp bot\backend\session-freepik-bot\Default\IndexedDB\https_web.whatsapp.com_0.indexeddb.leveldb/LOCK: File currently in use. (ChromeMethodBFE: 15::LockFile::2)
[1126/162942.530:ERROR:leveldb_factory.cc(88)] Failed to open LevelDB database from E:\coding\whatsapp bot\backend\session-freepik-bot\Default\IndexedDB\https_web.whatsapp.com_0.indexeddb.leveldb,IO error: E:\coding\whatsapp bot\backend\session-freepik-bot\Default\IndexedDB\https_web.whatsapp.com_0.indexeddb.leveldb/LOCK: File currently in use. (ChromeMethodBFE: 15::LockFile::2)
[1126/162944.545:ERROR:leveldb_factory.cc(88)] Failed to open LevelDB database from E:\coding\whatsapp bot\backend\session-freepik-bot\Default\IndexedDB\https_web.whatsapp.com_0.indexeddb.leveldb,IO error: E:\coding\whatsapp bot\backend\session-freepik-bot\Default\IndexedDB\https_web.whatsapp.com_0.indexeddb.leveldb/LOCK: File currently in use. (ChromeMethodBFE: 15::LockFile::2)
[1126/162946.565:ERROR:leveldb_factory.cc(88)] Failed to open LevelDB database from E:\coding\whatsapp bot\backend\session-freepik-bot\Default\IndexedDB\https_web.whatsapp.com_0.indexeddb.leveldb,IO error: E:\coding\whatsapp bot\backend\session-freepik-bot\Default\IndexedDB\https_web.whatsapp.com_0.indexeddb.leveldb/LOCK: File currently in use. (ChromeMethodBFE: 15::LockFile::2)
[1126/162948.578:ERROR:leveldb_factory.cc(88)] Failed to open LevelDB database from E:\coding\whatsapp bot\backend\session-freepik-bot\Default\IndexedDB\https_web.whatsapp.com_0.indexeddb.leveldb,IO error: E:\coding\whatsapp bot\backend\session-freepik-bot\Default\IndexedDB\https_web.whatsapp.com_0.indexeddb.leveldb/LOCK: File currently in use. (ChromeMethodBFE: 15::LockFile::2)
[1126/162950.406:INFO:CONSOLE(113)] "Event handler of 'x-storagemutated-1' event must be added on the initial evaluation of worker script.", source: https://static.whatsapp.net/rsrc.php/v4/yf/r/w0IU-sVjzp4.js (113)
[1126/162950.590:ERROR:leveldb_factory.cc(88)] Failed to open LevelDB database from E:\coding\whatsapp bot\backend\session-freepik-bot\Default\IndexedDB\https_web.whatsapp.com_0.indexeddb.leveldb,IO error: E:\coding\whatsapp bot\backend\session-freepik-bot\Default\IndexedDB\https_web.whatsapp.com_0.indexeddb.leveldb/LOCK: File currently in use. (ChromeMethodBFE: 15::LockFile::2)
[1126/162952.602:ERROR:leveldb_factory.cc(88)] Failed to open LevelDB database from E:\coding\whatsapp bot\backend\session-freepik-bot\Default\IndexedDB\https_web.whatsapp.com_0.indexeddb.leveldb,IO error: E:\coding\whatsapp bot\backend\session-freepik-bot\Default\IndexedDB\https_web.whatsapp.com_0.indexeddb.leveldb/LOCK: File currently in use. (ChromeMethodBFE: 15::LockFile::2)
[1126/162954.614:ERROR:leveldb_factory.cc(88)] Failed to open LevelDB database from E:\coding\whatsapp bot\backend\session-freepik-bot\Default\IndexedDB\https_web.whatsapp.com_0.indexeddb.leveldb,IO error: E:\coding\whatsapp bot\backend\session-freepik-bot\Default\IndexedDB\https_web.whatsapp.com_0.indexeddb.leveldb/LOCK: File currently in use. (ChromeMethodBFE: 15::LockFile::2)
[1126/162956.635:ERROR:leveldb_factory.cc(88)] Failed to open LevelDB database from E:\coding\whatsapp bot\backend\session-freepik-bot\Default\IndexedDB\https_web.whatsapp.com_0.indexeddb.leveldb,IO error: E:\coding\whatsapp bot\backend\session-freepik-bot\Default\IndexedDB\https_web.whatsapp.com_0.indexeddb.leveldb/LOCK: File currently in use. (ChromeMethodBFE: 15::LockFile::2)
[1126/162958.647:ERROR:leveldb_factory.cc(88)] Failed to open LevelDB database from E:\coding\whatsapp bot\backend\session-freepik-bot\Default\IndexedDB\https_web.whatsapp.com_0.indexeddb.leveldb,IO error: E:\coding\whatsapp bot\backend\session-freepik-bot\Default\IndexedDB\https_web.whatsapp.com_0.indexeddb.leveldb/LOCK: File currently in use. (ChromeMethodBFE: 15::LockFile::2)
[1126/163000.657:ERROR:leveldb_factory.cc(88)] Failed to open LevelDB database from E:\coding\whatsapp bot\backend\session-freepik-bot\Default\IndexedDB\https_web.whatsapp.com_0.indexeddb.leveldb,IO error: E:\coding\whatsapp bot\backend\session-freepik-bot\Default\IndexedDB\https_web.whatsapp.com_0.indexeddb.leveldb/LOCK: File currently in use. (ChromeMethodBFE: 15::LockFile::2)
[1126/163002.672:ERROR:leveldb_factory.cc(88)] Failed to open LevelDB database from E:\coding\whatsapp bot\backend\session-freepik-bot\Default\IndexedDB\https_web.whatsapp.com_0.indexeddb.leveldb,IO error: E:\coding\whatsapp bot\backend\session-freepik-bot\Default\IndexedDB\https_web.whatsapp.com_0.indexeddb.leveldb/LOCK: File currently in use. (ChromeMethodBFE: 15::LockFile::2)
[1126/163004.684:ERROR:leveldb_factory.cc(88)] Failed to open LevelDB database from E:\coding\whatsapp bot\backend\session-freepik-bot\Default\IndexedDB\https_web.whatsapp.com_0.indexeddb.leveldb,IO error: E:\coding\whatsapp bot\backend\session-freepik-bot\Default\IndexedDB\https_web.whatsapp.com_0.indexeddb.leveldb/LOCK: File currently in use. (ChromeMethodBFE: 15::LockFile::2)
[1126/163006.697:ERROR:leveldb_factory.cc(88)] Failed to open LevelDB database from E:\coding\whatsapp bot\backend\session-freepik-bot\Default\IndexedDB\https_web.whatsapp.com_0.indexeddb.leveldb,IO error: E:\coding\whatsapp bot\backend\session-freepik-bot\Default\IndexedDB\https_web.whatsapp.com_0.indexeddb.leveldb/LOCK: File currently in use. (ChromeMethodBFE: 15::LockFile::2)
